Traceback (most recent call last):
  File "C:\Users\bluef\AppData\Local\Programs\Python\Python311\Lib\site-packages\instagrapi\mixins\private.py", line 476, in _send_private_request
    response.raise_for_status()
  File "C:\Users\bluef\AppData\Local\Programs\Python\Python311\Lib\site-packages\requests\models.py", line 1167, in raise_for_status
    raise HTTPError(http_error_msg, response=self)
requests.exceptions.HTTPError: 400 Client Error: Bad Request for url: https://i.instagram.com/api/v1/accounts/login/

During handling of the above exception, another exception occurred:

Traceback (most recent call last):
  File "E:\smartlead_ai\smartlead_ai\scraper\instagram.py", line 162, in login
    self.cl.login(username, password)
  File "C:\Users\bluef\AppData\Local\Programs\Python\Python311\Lib\site-packages\instagrapi\mixins\auth.py", line 767, in login
    logged = self.private_request("accounts/login/", data, login=True)
             ^^^^^^^^^^^^^^^^^^^^^^^^^^^^^^^^^^^^^^^^^^^^^^^^^^^^^^^^^
  File "C:\Users\bluef\AppData\Local\Programs\Python\Python311\Lib\site-packages\instagrapi\mixins\private.py", line 691, in private_request
    raise e
  File "C:\Users\bluef\AppData\Local\Programs\Python\Python311\Lib\site-packages\instagrapi\mixins\private.py", line 674, in private_request
    self._send_private_request(endpoint, **kwargs)
  File "C:\Users\bluef\AppData\Local\Programs\Python\Python311\Lib\site-packages\instagrapi\mixins\private.py", line 576, in _send_private_request
    raise UnknownError(**last_json)
instagrapi.exceptions.UnknownError: We can't find an account with we_are_here_07. Try another mobile number or email, or if you don't have an account, you can sign up.
